<?xml version="1.0" encoding="UTF-8"?>
<!-- Generated by org.testng.reporters.JUnitXMLReporter -->
<testsuite ignored="0" hostname="Sathishcj-PC" failures="1" tests="3" name="Test" time="83.256" errors="0" timestamp="11 Aug 2021 05:45:27 GMT">
  <testcase classname="TestNG.TestNGPriorityEx" name="@BeforeClass launch" time="83.182">
    <failure type="org.openqa.selenium.WebDriverException" message="unknown error: net::ERR_NAME_NOT_RESOLVED
  (Session info: chrome=92.0.4515.131)
Build info: version: &amp;apos;3.141.59&amp;apos;, revision: &amp;apos;e82be7d358&amp;apos;, time: &amp;apos;2018-11-14T08:17:03&amp;apos;
System info: host: &amp;apos;SATHISHCJ-PC&amp;apos;, ip: &amp;apos;192.168.42.50&amp;apos;, os.name: &amp;apos;Windows 7&amp;apos;, os.arch: &amp;apos;amd64&amp;apos;, os.version: &amp;apos;6.1&amp;apos;, java.version: &amp;apos;16.0.1&amp;apos;
Driver info: org.openqa.selenium.chrome.ChromeDriver
Capabilities {acceptInsecureCerts: false, browserName: chrome, browserVersion: 92.0.4515.131, chrome: {chromedriverVersion: 92.0.4515.107 (87a818b10553..., userDataDir: C:\Users\SATHIS~1\AppData\L...}, goog:chromeOptions: {debuggerAddress: localhost:55359}, javascriptEnabled: true, networkConnectionEnabled: false, pageLoadStrategy: normal, platform: WINDOWS, platformName: WINDOWS, proxy: Proxy(), setWindowRect: true, strictFileInteractability: false, timeouts: {implicit: 0, pageLoad: 300000, script: 30000}, unhandledPromptBehavior: dismiss and notify, webauthn:extension:credBlob: true, webauthn:extension:largeBlob: true, webauthn:virtualAuthenticators: true}
Session ID: 1b54c37c4ccd1c8fd91383cb1c8c9fca">
      <![CDATA[org.openqa.selenium.WebDriverException: unknown error: net::ERR_NAME_NOT_RESOLVED
  (Session info: chrome=92.0.4515.131)
Build info: version: '3.141.59', revision: 'e82be7d358', time: '2018-11-14T08:17:03'
System info: host: 'SATHISHCJ-PC', ip: '192.168.42.50', os.name: 'Windows 7', os.arch: 'amd64', os.version: '6.1', java.version: '16.0.1'
Driver info: org.openqa.selenium.chrome.ChromeDriver
Capabilities {acceptInsecureCerts: false, browserName: chrome, browserVersion: 92.0.4515.131, chrome: {chromedriverVersion: 92.0.4515.107 (87a818b10553..., userDataDir: C:\Users\SATHIS~1\AppData\L...}, goog:chromeOptions: {debuggerAddress: localhost:55359}, javascriptEnabled: true, networkConnectionEnabled: false, pageLoadStrategy: normal, platform: WINDOWS, platformName: WINDOWS, proxy: Proxy(), setWindowRect: true, strictFileInteractability: false, timeouts: {implicit: 0, pageLoad: 300000, script: 30000}, unhandledPromptBehavior: dismiss and notify, webauthn:extension:credBlob: true, webauthn:extension:largeBlob: true, webauthn:virtualAuthenticators: true}
Session ID: 1b54c37c4ccd1c8fd91383cb1c8c9fca
at org.openqa.selenium.remote.http.W3CHttpResponseCodec.createException(W3CHttpResponseCodec.java:187)
at org.openqa.selenium.remote.http.W3CHttpResponseCodec.decode(W3CHttpResponseCodec.java:122)
at org.openqa.selenium.remote.http.W3CHttpResponseCodec.decode(W3CHttpResponseCodec.java:49)
at org.openqa.selenium.remote.HttpCommandExecutor.execute(HttpCommandExecutor.java:158)
at org.openqa.selenium.remote.service.DriverCommandExecutor.execute(DriverCommandExecutor.java:83)
at org.openqa.selenium.remote.RemoteWebDriver.execute(RemoteWebDriver.java:552)
at org.openqa.selenium.remote.RemoteWebDriver.get(RemoteWebDriver.java:277)
at org.openqa.selenium.remote.RemoteWebDriver$RemoteNavigation.to(RemoteWebDriver.java:857)
at TestNG.TestNGPriorityEx.launch(TestNGPriorityEx.java:20)
... Removed 31 stack frames]]>
    </failure>
  </testcase> <!-- @BeforeClass launch -->
  <testcase classname="TestNG.TestNGPriorityEx" name="@AfterClass close" time="0.0">
    <skipped/>
  </testcase> <!-- @AfterClass close -->
  <testcase classname="TestNG.TestNGPriorityEx" name="username" time="0.0">
    <skipped/>
  </testcase> <!-- username -->
  <testcase classname="TestNG.TestNGPriorityEx" name="password" time="0.0">
    <failure type="org.testng.TestNGException" message="
Parameter &amp;apos;password1&amp;apos; is required by @Test on method password but has not been marked @Optional or defined
in C:\Users\Sathish cj\workspace\AugustClass\testngPriority.xml">
      <![CDATA[org.testng.TestNGException: 
Parameter 'password1' is required by @Test on method password but has not been marked @Optional or defined
in C:\Users\Sathish cj\workspace\AugustClass\testngPriority.xml
... Removed 24 stack frames]]>
    </failure>
  </testcase> <!-- password -->
  <testcase classname="TestNG.TestNGPriorityEx" name="submit" time="0.0">
    <skipped/>
  </testcase> <!-- submit -->
</testsuite> <!-- Test -->
